0 info it worked if it ends with ok
1 verbose cli [ 'node',
1 verbose cli   '/home/cid/.nvm/v0.10.28/bin/npm',
1 verbose cli   '--python=/usr/bin/python2.7',
1 verbose cli   'start' ]
2 info using npm@1.4.18
3 info using node@v0.10.28
4 verbose run-script [ 'prestart', 'start', 'poststart' ]
5 info prestart tic-tac-toe@0.0.1
6 info start tic-tac-toe@0.0.1
7 verbose unsafe-perm in lifecycle true
8 info tic-tac-toe@0.0.1 Failed to exec start script
9 error tic-tac-toe@0.0.1 start: `DEBUG=* nodemon -d 2 --debug server/server.js`
9 error Exit status 1
10 error Failed at the tic-tac-toe@0.0.1 start script.
10 error This is most likely a problem with the tic-tac-toe package,
10 error not with npm itself.
10 error Tell the author that this fails on your system:
10 error     DEBUG=* nodemon -d 2 --debug server/server.js
10 error You can get their info via:
10 error     npm owner ls tic-tac-toe
10 error There is likely additional logging output above.
11 error System Linux 3.15.2-1-ARCH
12 error command "node" "/home/cid/.nvm/v0.10.28/bin/npm" "--python=/usr/bin/python2.7" "start"
13 error cwd /home/cid/workspace/tic-tac-toe
14 error node -v v0.10.28
15 error npm -v 1.4.18
16 error code ELIFECYCLE
17 verbose exit [ 1, true ]
